<?xml version="1.0" encoding="utf-8"?><testsuite errors="0" failures="2" name="pytest" skips="0" tests="3" time="0.442"><testcase classname="basic_subscriber.test.test_copyright" file="test/test_copyright.py" line="18" name="test_copyright" time="0.010254859924316406"><failure message="AssertionError: Found errors
assert 1 == 0">test/test_copyright.py:23: in test_copyright
    assert rc == 0, &apos;Found errors&apos;
E   AssertionError: Found errors
E   assert 1 == 0</failure><system-err>basic_subscriber/subscriber_node.py: could not find copyright notice
1 errors, checked 5 files
</system-err></testcase><testcase classname="basic_subscriber.test.test_flake8" file="test/test_flake8.py" line="18" name="test_flake8" time="0.25187206268310547"><failure message="AssertionError: Found errors
assert 1 == 0">test/test_flake8.py:23: in test_flake8
    assert rc == 0, &apos;Found errors&apos;
E   AssertionError: Found errors
E   assert 1 == 0</failure><system-out>
./basic_subscriber/subscriber_node.py:6:1: E302 expected 2 blank lines, found 1
class MinimalSubscriber(Node):
^

./basic_subscriber/subscriber_node.py:8:1: W191 indentation contains tabs
	def __init__(self):
^

./basic_subscriber/subscriber_node.py:9:1: W191 indentation contains tabs
		super().__init__(&apos;minimal_subscriber&apos;)
^

./basic_subscriber/subscriber_node.py:10:1: W191 indentation contains tabs
		self.red_sub = self.create_subscription(String,
^

./basic_subscriber/subscriber_node.py:11:1: W191 indentation contains tabs
			                                         &apos;led_red_topic&apos;,
^

./basic_subscriber/subscriber_node.py:11:4: E101 indentation contains mixed spaces and tabs
			                                         &apos;led_red_topic&apos;,
   ^

./basic_subscriber/subscriber_node.py:11:45: E127 continuation line over-indented for visual indent
			                                         &apos;led_red_topic&apos;,
                                            ^

./basic_subscriber/subscriber_node.py:12:1: W191 indentation contains tabs
			                                         self.listener_callback,
^

./basic_subscriber/subscriber_node.py:12:4: E101 indentation contains mixed spaces and tabs
			                                         self.listener_callback,
   ^

./basic_subscriber/subscriber_node.py:13:1: W191 indentation contains tabs
			                                         10)
^

./basic_subscriber/subscriber_node.py:13:4: E101 indentation contains mixed spaces and tabs
			                                         10)
   ^

./basic_subscriber/subscriber_node.py:14:1: W191 indentation contains tabs
		self.red_sub # prevent unused variable warning
^

./basic_subscriber/subscriber_node.py:14:15: E261 at least two spaces before inline comment
		self.red_sub # prevent unused variable warning
              ^

./basic_subscriber/subscriber_node.py:15:1: W191 indentation contains tabs
		self.yellow_sub = self.create_subscription(String,
^

./basic_subscriber/subscriber_node.py:16:1: W191 indentation contains tabs
			                                         &apos;led_yellow_topic&apos;,
^

./basic_subscriber/subscriber_node.py:16:4: E101 indentation contains mixed spaces and tabs
			                                         &apos;led_yellow_topic&apos;,
   ^

./basic_subscriber/subscriber_node.py:16:45: E128 continuation line under-indented for visual indent
			                                         &apos;led_yellow_topic&apos;,
                                            ^

./basic_subscriber/subscriber_node.py:17:1: W191 indentation contains tabs
			                                         self.listener_callback,
^

./basic_subscriber/subscriber_node.py:17:4: E101 indentation contains mixed spaces and tabs
			                                         self.listener_callback,
   ^

./basic_subscriber/subscriber_node.py:17:45: E128 continuation line under-indented for visual indent
			                                         self.listener_callback,
                                            ^

./basic_subscriber/subscriber_node.py:18:1: W191 indentation contains tabs
			                                         10)
^

./basic_subscriber/subscriber_node.py:18:4: E101 indentation contains mixed spaces and tabs
			                                         10)
   ^

./basic_subscriber/subscriber_node.py:18:45: E128 continuation line under-indented for visual indent
			                                         10)
                                            ^

./basic_subscriber/subscriber_node.py:19:1: W191 indentation contains tabs
		self.yellow_sub # prevent unused variable warning
^

./basic_subscriber/subscriber_node.py:19:18: E261 at least two spaces before inline comment
		self.yellow_sub # prevent unused variable warning
                 ^

./basic_subscriber/subscriber_node.py:20:1: W191 indentation contains tabs
		self.green_sub = self.create_subscription(String,
^

./basic_subscriber/subscriber_node.py:21:1: W191 indentation contains tabs
			                                         &apos;led_green_topic&apos;,
^

./basic_subscriber/subscriber_node.py:21:4: E101 indentation contains mixed spaces and tabs
			                                         &apos;led_green_topic&apos;,
   ^

./basic_subscriber/subscriber_node.py:22:1: W191 indentation contains tabs
			                                         self.listener_callback,
^

./basic_subscriber/subscriber_node.py:22:4: E101 indentation contains mixed spaces and tabs
			                                         self.listener_callback,
   ^

./basic_subscriber/subscriber_node.py:23:1: W191 indentation contains tabs
			                                         10)
^

./basic_subscriber/subscriber_node.py:23:4: E101 indentation contains mixed spaces and tabs
			                                         10)
   ^

./basic_subscriber/subscriber_node.py:24:1: W191 indentation contains tabs
		self.green_sub # prevent unused variable warning
^

./basic_subscriber/subscriber_node.py:24:17: E261 at least two spaces before inline comment
		self.green_sub # prevent unused variable warning
                ^

./basic_subscriber/subscriber_node.py:25:1: W191 indentation contains tabs
		self.all_led_sub = self.create_subscription(String,
^

./basic_subscriber/subscriber_node.py:26:1: W191 indentation contains tabs
			                                         &apos;led_all_topic&apos;,
^

./basic_subscriber/subscriber_node.py:26:4: E101 indentation contains mixed spaces and tabs
			                                         &apos;led_all_topic&apos;,
   ^

./basic_subscriber/subscriber_node.py:26:45: E128 continuation line under-indented for visual indent
			                                         &apos;led_all_topic&apos;,
                                            ^

./basic_subscriber/subscriber_node.py:27:1: W191 indentation contains tabs
			                                         self.listener_callback,
^

./basic_subscriber/subscriber_node.py:27:4: E101 indentation contains mixed spaces and tabs
			                                         self.listener_callback,
   ^

./basic_subscriber/subscriber_node.py:27:45: E128 continuation line under-indented for visual indent
			                                         self.listener_callback,
                                            ^

./basic_subscriber/subscriber_node.py:28:1: W191 indentation contains tabs
			                                         10)
^

./basic_subscriber/subscriber_node.py:28:4: E101 indentation contains mixed spaces and tabs
			                                         10)
   ^

./basic_subscriber/subscriber_node.py:28:45: E128 continuation line under-indented for visual indent
			                                         10)
                                            ^

./basic_subscriber/subscriber_node.py:29:1: W191 indentation contains tabs
		self.all_led_sub # prevent unused variable warning
^

./basic_subscriber/subscriber_node.py:29:19: E261 at least two spaces before inline comment
		self.all_led_sub # prevent unused variable warning
                  ^

./basic_subscriber/subscriber_node.py:30:1: W191 indentation contains tabs
		self.motor_sub = self.create_subscription(String,
^

./basic_subscriber/subscriber_node.py:31:1: W191 indentation contains tabs
			                                         &apos;motor_topic&apos;,
^

./basic_subscriber/subscriber_node.py:31:4: E101 indentation contains mixed spaces and tabs
			                                         &apos;motor_topic&apos;,
   ^

./basic_subscriber/subscriber_node.py:32:1: W191 indentation contains tabs
			                                         self.listener_callback,
^

./basic_subscriber/subscriber_node.py:32:4: E101 indentation contains mixed spaces and tabs
			                                         self.listener_callback,
   ^

./basic_subscriber/subscriber_node.py:33:1: W191 indentation contains tabs
			                                         10)
^

./basic_subscriber/subscriber_node.py:33:4: E101 indentation contains mixed spaces and tabs
			                                         10)
   ^

./basic_subscriber/subscriber_node.py:34:1: W191 indentation contains tabs
		self.motor_sub # prevent unused variable warning
^

./basic_subscriber/subscriber_node.py:34:17: E261 at least two spaces before inline comment
		self.motor_sub # prevent unused variable warning
                ^

./basic_subscriber/subscriber_node.py:36:1: W191 indentation contains tabs
	def listener_callback(self, msg):		
^

./basic_subscriber/subscriber_node.py:36:35: W291 trailing whitespace
	def listener_callback(self, msg):		
                                  ^

./basic_subscriber/subscriber_node.py:37:1: W191 indentation contains tabs
		self.get_logger().info(&apos;I heard: {}&apos;.format(msg.data))
^

./basic_subscriber/subscriber_node.py:39:1: E302 expected 2 blank lines, found 1
def main(args=None):
^

./basic_subscriber/subscriber_node.py:40:1: W191 indentation contains tabs
	rclpy.init(args=args)
^

./basic_subscriber/subscriber_node.py:41:1: W191 indentation contains tabs
	minimal_subscriber = MinimalSubscriber()
^

./basic_subscriber/subscriber_node.py:42:1: W191 indentation contains tabs
	rclpy.spin(minimal_subscriber)
^

./basic_subscriber/subscriber_node.py:44:1: E305 expected 2 blank lines after class or function definition, found 1
if __name__ == &apos;__main__&apos;:
^

./basic_subscriber/subscriber_node.py:45:1: W391 blank line at end of file
	main()^

15    E101 indentation contains mixed spaces and tabs
1     E127 continuation line over-indented for visual indent
6     E128 continuation line under-indented for visual indent
5     E261 at least two spaces before inline comment
2     E302 expected 2 blank lines, found 1
1     E305 expected 2 blank lines after class or function definition, found 1
32    W191 indentation contains tabs
1     W291 trailing whitespace
1     W391 blank line at end of file

6 files checked
64 errors

&apos;E&apos;-type errors: 30
&apos;W&apos;-type errors: 34

Checked files:

* ./setup.py
* ./test/test_flake8.py
* ./test/test_pep257.py
* ./test/test_copyright.py
* ./basic_subscriber/subscriber_node.py
* ./basic_subscriber/__init__.py
</system-out></testcase><testcase classname="basic_subscriber.test.test_pep257" file="test/test_pep257.py" line="18" name="test_pep257" time="0.05746173858642578"><system-out>checking ./basic_subscriber/__init__.py
checking ./basic_subscriber/subscriber_node.py
checking ./setup.py
checking ./test/test_copyright.py
checking ./test/test_flake8.py
checking ./test/test_pep257.py
checking test/test_copyright.py
checking test/test_flake8.py
checking test/test_pep257.py
No problems found
</system-out></testcase></testsuite>